    [java] java.lang.reflect.InvocationTargetException: null
     [java] 	at sun.reflect.NativeMethodAccessorImpl.invoke0(Native Method)
     [java] 	at sun.reflect.NativeMethodAccessorImpl.invoke(NativeMethodAccessorImpl.java:62)
     [java] 	at sun.reflect.DelegatingMethodAccessorImpl.invoke(DelegatingMethodAccessorImpl.java:43)
     [java] 	at java.lang.reflect.Method.invoke(Method.java:498)
     [java] 	at com.jboss.datagrid.test.jpastore.AbstractJpaITWrapper.createBeforeMethod(AbstractJpaITWrapper.java:54)
     [java] 	at sun.reflect.NativeMethodAccessorImpl.invoke0(Native Method)
     [java] 	at sun.reflect.NativeMethodAccessorImpl.invoke(NativeMethodAccessorImpl.java:62)
     [java] 	at sun.reflect.DelegatingMethodAccessorImpl.invoke(DelegatingMethodAccessorImpl.java:43)
     [java] 	at java.lang.reflect.Method.invoke(Method.java:498)
     [java] 	at org.testng.internal.MethodInvocationHelper.invokeMethod(MethodInvocationHelper.java:80)
     [java] 	at org.testng.internal.Invoker.invokeConfigurationMethod(Invoker.java:564)
     [java] 	at org.testng.internal.Invoker.invokeConfigurations(Invoker.java:213)
     [java] 	at org.testng.internal.Invoker.invokeMethod(Invoker.java:653)
     [java] 	at org.testng.internal.Invoker.invokeTestMethod(Invoker.java:901)
     [java] 	at org.testng.internal.Invoker.invokeTestMethods(Invoker.java:1231)
     [java] 	at org.testng.internal.TestMethodWorker.invokeTestMethods(TestMethodWorker.java:127)
     [java] 	at org.testng.internal.TestMethodWorker.run(TestMethodWorker.java:111)
     [java] 	at org.testng.TestRunner.privateRun(TestRunner.java:767)
     [java] 	at org.testng.TestRunner.run(TestRunner.java:617)
     [java] 	at org.testng.SuiteRunner.runTest(SuiteRunner.java:334)
     [java] 	at org.testng.SuiteRunner.runSequentially(SuiteRunner.java:329)
     [java] 	at org.testng.SuiteRunner.privateRun(SuiteRunner.java:291)
     [java] 	at org.testng.SuiteRunner.run(SuiteRunner.java:240)
     [java] 	at org.testng.SuiteRunnerWorker.runSuite(SuiteRunnerWorker.java:52)
     [java] 	at org.testng.SuiteRunnerWorker.run(SuiteRunnerWorker.java:86)
     [java] 	at org.testng.TestNG.runSuitesSequentially(TestNG.java:1198)
     [java] 	at org.testng.TestNG.runSuitesLocally(TestNG.java:1123)
     [java] 	at org.testng.TestNG.run(TestNG.java:1031)
     [java] 	at org.apache.maven.surefire.testng.TestNGExecutor.run(TestNGExecutor.java:115)
     [java] 	at org.apache.maven.surefire.testng.TestNGDirectoryTestSuite.executeMulti(TestNGDirectoryTestSuite.java:204)
     [java] 	at org.apache.maven.surefire.testng.TestNGDirectoryTestSuite.execute(TestNGDirectoryTestSuite.java:107)
     [java] 	at org.apache.maven.surefire.testng.TestNGProvider.invoke(TestNGProvider.java:112)
     [java] 	at org.apache.maven.surefire.booter.ForkedBooter.invokeProviderInSameClassLoader(ForkedBooter.java:200)
     [java] 	at org.apache.maven.surefire.booter.ForkedBooter.runSuitesInProcess(ForkedBooter.java:153)
     [java] 	at org.apache.maven.surefire.booter.ForkedBooter.main(ForkedBooter.java:103)
     [java] Caused by: org.infinispan.persistence.jpa.JpaStoreException: Persistence Unit [org.infinispan.persistence.jpa] not found
     [java] 	at org.infinispan.persistence.jpa.JpaStore.start(JpaStore.java:85)
     [java] 	at org.infinispan.persistence.jpa.AbstractJpaStoreTest.createCacheStore(AbstractJpaStoreTest.java:61)
     [java] 	at org.infinispan.persistence.jpa.AbstractJpaStoreTest.setUp(AbstractJpaStoreTest.java:76)
     [java] 	at sun.reflect.NativeMethodAccessorImpl.invoke0(Native Method)
     [java] 	at sun.reflect.NativeMethodAccessorImpl.invoke(NativeMethodAccessorImpl.java:62)
     [java] 	at sun.reflect.DelegatingMethodAccessorImpl.invoke(DelegatingMethodAccessorImpl.java:43)
     [java] 	at java.lang.reflect.Method.invoke(Method.java:498)
     [java] 	at com.jboss.datagrid.test.jpastore.AbstractJpaITWrapper.createBeforeMethod(AbstractJpaITWrapper.java:54)
     [java] 	at sun.reflect.NativeMethodAccessorImpl.invoke0(Native Method)
     [java] 	at sun.reflect.NativeMethodAccessorImpl.invoke(NativeMethodAccessorImpl.java:62)
     [java] 	at sun.reflect.DelegatingMethodAccessorImpl.invoke(DelegatingMethodAccessorImpl.java:43)
     [java] 	at java.lang.reflect.Method.invoke(Method.java:498)
     [java] 	at org.testng.internal.MethodInvocationHelper.invokeMethod(MethodInvocationHelper.java:80)
     [java] 	at org.testng.internal.Invoker.invokeConfigurationMethod(Invoker.java:564)
     [java] 	at org.testng.internal.Invoker.invokeConfigurations(Invoker.java:213)
     [java] 	at org.testng.internal.Invoker.invokeMethod(Invoker.java:653)
     [java] 	at org.testng.internal.Invoker.invokeTestMethod(Invoker.java:901)
     [java] 	at org.testng.internal.Invoker.invokeTestMethods(Invoker.java:1231)
     [java] 	at org.testng.internal.TestMethodWorker.invokeTestMethods(TestMethodWorker.java:127)
     [java] 	at org.testng.internal.TestMethodWorker.run(TestMethodWorker.java:111)
     [java] 	at org.testng.TestRunner.privateRun(TestRunner.java:767)
     [java] 	at org.testng.TestRunner.run(TestRunner.java:617)
     [java] 	at org.testng.SuiteRunner.runTest(SuiteRunner.java:334)
     [java] 	at org.testng.SuiteRunner.runSequentially(SuiteRunner.java:329)
     [java] 	at org.testng.SuiteRunner.privateRun(SuiteRunner.java:291)
     [java] 	at org.testng.SuiteRunner.run(SuiteRunner.java:240)
     [java] 	at org.testng.SuiteRunnerWorker.runSuite(SuiteRunnerWorker.java:52)
     [java] 	at org.testng.SuiteRunnerWorker.run(SuiteRunnerWorker.java:86)
     [java] 	at org.testng.TestNG.runSuitesSequentially(TestNG.java:1198)
     [java] 	at org.testng.TestNG.runSuitesLocally(TestNG.java:1123)
     [java] 	at org.testng.TestNG.run(TestNG.java:1031)
     [java] 	at org.apache.maven.surefire.testng.TestNGExecutor.run(TestNGExecutor.java:115)
     [java] 	at org.apache.maven.surefire.testng.TestNGDirectoryTestSuite.executeMulti(TestNGDirectoryTestSuite.java:204)
     [java] 	at org.apache.maven.surefire.testng.TestNGDirectoryTestSuite.execute(TestNGDirectoryTestSuite.java:107)
     [java] 	at org.apache.maven.surefire.testng.TestNGProvider.invoke(TestNGProvider.java:112)
     [java] 	at org.apache.maven.surefire.booter.ForkedBooter.invokeProviderInSameClassLoader(ForkedBooter.java:200)
     [java] 	at org.apache.maven.surefire.booter.ForkedBooter.runSuitesInProcess(ForkedBooter.java:153)
     [java] 	at org.apache.maven.surefire.booter.ForkedBooter.main(ForkedBooter.java:103)
     [java] Caused by: javax.persistence.PersistenceException: [PersistenceUnit: org.infinispan.persistence.jpa] Unable to build Hibernate SessionFactory
     [java] 	at org.hibernate.jpa.boot.internal.EntityManagerFactoryBuilderImpl.persistenceException(EntityManagerFactoryBuilderImpl.java:954)
     [java] 	at org.hibernate.jpa.boot.internal.EntityManagerFactoryBuilderImpl.build(EntityManagerFactoryBuilderImpl.java:882)
     [java] 	at org.hibernate.jpa.HibernatePersistenceProvider.createEntityManagerFactory(HibernatePersistenceProvider.java:58)
     [java] 	at javax.persistence.Persistence.createEntityManagerFactory(Persistence.java:55)
     [java] 	at javax.persistence.Persistence.createEntityManagerFactory(Persistence.java:39)
     [java] 	at org.infinispan.persistence.jpa.impl.EntityManagerFactoryRegistry.createEntityManagerFactory(EntityManagerFactoryRegistry.java:104)
     [java] 	at org.infinispan.persistence.jpa.impl.EntityManagerFactoryRegistry.getEntityManagerFactory(EntityManagerFactoryRegistry.java:34)
     [java] 	at org.infinispan.persistence.jpa.JpaStore.start(JpaStore.java:83)
     [java] 	at org.infinispan.persistence.jpa.AbstractJpaStoreTest.createCacheStore(AbstractJpaStoreTest.java:61)
     [java] 	at org.infinispan.persistence.jpa.AbstractJpaStoreTest.setUp(AbstractJpaStoreTest.java:76)
     [java] 	at sun.reflect.NativeMethodAccessorImpl.invoke0(Native Method)
     [java] 	at sun.reflect.NativeMethodAccessorImpl.invoke(NativeMethodAccessorImpl.java:62)
     [java] 	at sun.reflect.DelegatingMethodAccessorImpl.invoke(DelegatingMethodAccessorImpl.java:43)
     [java] 	at java.lang.reflect.Method.invoke(Method.java:498)
     [java] 	at com.jboss.datagrid.test.jpastore.AbstractJpaITWrapper.createBeforeMethod(AbstractJpaITWrapper.java:54)
     [java] 	at sun.reflect.NativeMethodAccessorImpl.invoke0(Native Method)
     [java] 	at sun.reflect.NativeMethodAccessorImpl.invoke(NativeMethodAccessorImpl.java:62)
     [java] 	at sun.reflect.DelegatingMethodAccessorImpl.invoke(DelegatingMethodAccessorImpl.java:43)
     [java] 	at java.lang.reflect.Method.invoke(Method.java:498)
     [java] 	at org.testng.internal.MethodInvocationHelper.invokeMethod(MethodInvocationHelper.java:80)
     [java] 	at org.testng.internal.Invoker.invokeConfigurationMethod(Invoker.java:564)
     [java] 	at org.testng.internal.Invoker.invokeConfigurations(Invoker.java:213)
     [java] 	at org.testng.internal.Invoker.invokeMethod(Invoker.java:653)
     [java] 	at org.testng.internal.Invoker.invokeTestMethod(Invoker.java:901)
     [java] 	at org.testng.internal.Invoker.invokeTestMethods(Invoker.java:1231)
     [java] 	at org.testng.internal.TestMethodWorker.invokeTestMethods(TestMethodWorker.java:127)
     [java] 	at org.testng.internal.TestMethodWorker.run(TestMethodWorker.java:111)
     [java] 	at org.testng.TestRunner.privateRun(TestRunner.java:767)
     [java] 	at org.testng.TestRunner.run(TestRunner.java:617)
     [java] 	at org.testng.SuiteRunner.runTest(SuiteRunner.java:334)
     [java] 	at org.testng.SuiteRunner.runSequentially(SuiteRunner.java:329)
     [java] 	at org.testng.SuiteRunner.privateRun(SuiteRunner.java:291)
     [java] 	at org.testng.SuiteRunner.run(SuiteRunner.java:240)
     [java] 	at org.testng.SuiteRunnerWorker.runSuite(SuiteRunnerWorker.java:52)
     [java] 	at org.testng.SuiteRunnerWorker.run(SuiteRunnerWorker.java:86)
     [java] 	at org.testng.TestNG.runSuitesSequentially(TestNG.java:1198)
     [java] 	at org.testng.TestNG.runSuitesLocally(TestNG.java:1123)
     [java] 	at org.testng.TestNG.run(TestNG.java:1031)
     [java] 	at org.apache.maven.surefire.testng.TestNGExecutor.run(TestNGExecutor.java:115)
     [java] 	at org.apache.maven.surefire.testng.TestNGDirectoryTestSuite.executeMulti(TestNGDirectoryTestSuite.java:204)
     [java] 	at org.apache.maven.surefire.testng.TestNGDirectoryTestSuite.execute(TestNGDirectoryTestSuite.java:107)
     [java] 	at org.apache.maven.surefire.testng.TestNGProvider.invoke(TestNGProvider.java:112)
     [java] 	at org.apache.maven.surefire.booter.ForkedBooter.invokeProviderInSameClassLoader(ForkedBooter.java:200)
     [java] 	at org.apache.maven.surefire.booter.ForkedBooter.runSuitesInProcess(ForkedBooter.java:153)
     [java] 	at org.apache.maven.surefire.booter.ForkedBooter.main(ForkedBooter.java:103)
     [java] Caused by: org.hibernate.tool.schema.spi.SchemaManagementException: Unable to execute schema management to JDBC target [alter table Person_nickNames add constraint FKsixi37kg6a1032wemki7qf6f3 foreign key (Person_id) references Person]
     [java] 	at org.hibernate.tool.schema.internal.TargetDatabaseImpl.accept(TargetDatabaseImpl.java:59)
     [java] 	at org.hibernate.tool.schema.internal.SchemaMigratorImpl.applySqlString(SchemaMigratorImpl.java:431)
     [java] 	at org.hibernate.tool.schema.internal.SchemaMigratorImpl.applySqlStrings(SchemaMigratorImpl.java:420)
     [java] 	at org.hibernate.tool.schema.internal.SchemaMigratorImpl.applyForeignKeys(SchemaMigratorImpl.java:386)
     [java] 	at org.hibernate.tool.schema.internal.SchemaMigratorImpl.doMigrationToTargets(SchemaMigratorImpl.java:214)
     [java] 	at org.hibernate.tool.schema.internal.SchemaMigratorImpl.doMigration(SchemaMigratorImpl.java:60)
     [java] 	at org.hibernate.tool.hbm2ddl.SchemaUpdate.execute(SchemaUpdate.java:134)
     [java] 	at org.hibernate.tool.hbm2ddl.SchemaUpdate.execute(SchemaUpdate.java:101)
     [java] 	at org.hibernate.internal.SessionFactoryImpl.<init>(SessionFactoryImpl.java:472)
     [java] 	at org.hibernate.boot.internal.SessionFactoryBuilderImpl.build(SessionFactoryBuilderImpl.java:444)
     [java] 	at org.hibernate.jpa.boot.internal.EntityManagerFactoryBuilderImpl.build(EntityManagerFactoryBuilderImpl.java:879)
     [java] 	at org.hibernate.jpa.HibernatePersistenceProvider.createEntityManagerFactory(HibernatePersistenceProvider.java:58)
     [java] 	at javax.persistence.Persistence.createEntityManagerFactory(Persistence.java:55)
     [java] 	at javax.persistence.Persistence.createEntityManagerFactory(Persistence.java:39)
     [java] 	at org.infinispan.persistence.jpa.impl.EntityManagerFactoryRegistry.createEntityManagerFactory(EntityManagerFactoryRegistry.java:104)
     [java] 	at org.infinispan.persistence.jpa.impl.EntityManagerFactoryRegistry.getEntityManagerFactory(EntityManagerFactoryRegistry.java:34)
     [java] 	at org.infinispan.persistence.jpa.JpaStore.start(JpaStore.java:83)
     [java] 	at org.infinispan.persistence.jpa.AbstractJpaStoreTest.createCacheStore(AbstractJpaStoreTest.java:61)
     [java] 	at org.infinispan.persistence.jpa.AbstractJpaStoreTest.setUp(AbstractJpaStoreTest.java:76)
     [java] 	at sun.reflect.NativeMethodAccessorImpl.invoke0(Native Method)
     [java] 	at sun.reflect.NativeMethodAccessorImpl.invoke(NativeMethodAccessorImpl.java:62)
     [java] 	at sun.reflect.DelegatingMethodAccessorImpl.invoke(DelegatingMethodAccessorImpl.java:43)
     [java] 	at java.lang.reflect.Method.invoke(Method.java:498)
     [java] 	at com.jboss.datagrid.test.jpastore.AbstractJpaITWrapper.createBeforeMethod(AbstractJpaITWrapper.java:54)
     [java] 	at sun.reflect.NativeMethodAccessorImpl.invoke0(Native Method)
     [java] 	at sun.reflect.NativeMethodAccessorImpl.invoke(NativeMethodAccessorImpl.java:62)
     [java] 	at sun.reflect.DelegatingMethodAccessorImpl.invoke(DelegatingMethodAccessorImpl.java:43)
     [java] 	at java.lang.reflect.Method.invoke(Method.java:498)
     [java] 	at org.testng.internal.MethodInvocationHelper.invokeMethod(MethodInvocationHelper.java:80)
     [java] 	at org.testng.internal.Invoker.invokeConfigurationMethod(Invoker.java:564)
     [java] 	at org.testng.internal.Invoker.invokeConfigurations(Invoker.java:213)
     [java] 	at org.testng.internal.Invoker.invokeMethod(Invoker.java:653)
     [java] 	at org.testng.internal.Invoker.invokeTestMethod(Invoker.java:901)
     [java] 	at org.testng.internal.Invoker.invokeTestMethods(Invoker.java:1231)
     [java] 	at org.testng.internal.TestMethodWorker.invokeTestMethods(TestMethodWorker.java:127)
     [java] 	at org.testng.internal.TestMethodWorker.run(TestMethodWorker.java:111)
     [java] 	at org.testng.TestRunner.privateRun(TestRunner.java:767)
     [java] 	at org.testng.TestRunner.run(TestRunner.java:617)
     [java] 	at org.testng.SuiteRunner.runTest(SuiteRunner.java:334)
     [java] 	at org.testng.SuiteRunner.runSequentially(SuiteRunner.java:329)
     [java] 	at org.testng.SuiteRunner.privateRun(SuiteRunner.java:291)
     [java] 	at org.testng.SuiteRunner.run(SuiteRunner.java:240)
     [java] 	at org.testng.SuiteRunnerWorker.runSuite(SuiteRunnerWorker.java:52)
     [java] 	at org.testng.SuiteRunnerWorker.run(SuiteRunnerWorker.java:86)
     [java] 	at org.testng.TestNG.runSuitesSequentially(TestNG.java:1198)
     [java] 	at org.testng.TestNG.runSuitesLocally(TestNG.java:1123)
     [java] 	at org.testng.TestNG.run(TestNG.java:1031)
     [java] 	at org.apache.maven.surefire.testng.TestNGExecutor.run(TestNGExecutor.java:115)
     [java] 	at org.apache.maven.surefire.testng.TestNGDirectoryTestSuite.executeMulti(TestNGDirectoryTestSuite.java:204)
     [java] 	at org.apache.maven.surefire.testng.TestNGDirectoryTestSuite.execute(TestNGDirectoryTestSuite.java:107)
     [java] 	at org.apache.maven.surefire.testng.TestNGProvider.invoke(TestNGProvider.java:112)
     [java] 	at org.apache.maven.surefire.booter.ForkedBooter.invokeProviderInSameClassLoader(ForkedBooter.java:200)
     [java] 	at org.apache.maven.surefire.booter.ForkedBooter.runSuitesInProcess(ForkedBooter.java:153)
     [java] 	at org.apache.maven.surefire.booter.ForkedBooter.main(ForkedBooter.java:103)
     [java] Caused by: java.sql.SQLSyntaxErrorException: ORA-02275: such a referential constraint already exists in the table
     [java] 	at oracle.jdbc.driver.T4CTTIoer.processError(T4CTTIoer.java:450)
     [java] 	at oracle.jdbc.driver.T4CTTIoer.processError(T4CTTIoer.java:399)
     [java] 	at oracle.jdbc.driver.T4C8Oall.processError(T4C8Oall.java:1059)
     [java] 	at oracle.jdbc.driver.T4CTTIfun.receive(T4CTTIfun.java:522)
     [java] 	at oracle.jdbc.driver.T4CTTIfun.doRPC(T4CTTIfun.java:257)
     [java] 	at oracle.jdbc.driver.T4C8Oall.doOALL(T4C8Oall.java:587)
     [java] 	at oracle.jdbc.driver.T4CStatement.doOall8(T4CStatement.java:210)
     [java] 	at oracle.jdbc.driver.T4CStatement.doOall8(T4CStatement.java:30)
     [java] 	at oracle.jdbc.driver.T4CStatement.executeForRows(T4CStatement.java:931)
     [java] 	at oracle.jdbc.driver.OracleStatement.doExecuteWithTimeout(OracleStatement.java:1150)
     [java] 	at oracle.jdbc.driver.OracleStatement.executeUpdateInternal(OracleStatement.java:1707)
     [java] 	at oracle.jdbc.driver.OracleStatement.executeUpdate(OracleStatement.java:1670)
     [java] 	at oracle.jdbc.driver.OracleStatementWrapper.executeUpdate(OracleStatementWrapper.java:310)
     [java] 	at org.hibernate.tool.schema.internal.TargetDatabaseImpl.accept(TargetDatabaseImpl.java:56)
     [java] 	at org.hibernate.tool.schema.internal.SchemaMigratorImpl.applySqlString(SchemaMigratorImpl.java:431)
     [java] 	at org.hibernate.tool.schema.internal.SchemaMigratorImpl.applySqlStrings(SchemaMigratorImpl.java:420)
     [java] 	at org.hibernate.tool.schema.internal.SchemaMigratorImpl.applyForeignKeys(SchemaMigratorImpl.java:386)
     [java] 	at org.hibernate.tool.schema.internal.SchemaMigratorImpl.doMigrationToTargets(SchemaMigratorImpl.java:214)
     [java] 	at org.hibernate.tool.schema.internal.SchemaMigratorImpl.doMigration(SchemaMigratorImpl.java:60)
     [java] 	at org.hibernate.tool.hbm2ddl.SchemaUpdate.execute(SchemaUpdate.java:134)
     [java] 	at org.hibernate.tool.hbm2ddl.SchemaUpdate.execute(SchemaUpdate.java:101)
     [java] 	at org.hibernate.internal.SessionFactoryImpl.<init>(SessionFactoryImpl.java:472)
     [java] 	at org.hibernate.boot.internal.SessionFactoryBuilderImpl.build(SessionFactoryBuilderImpl.java:444)
     [java] 	at org.hibernate.jpa.boot.internal.EntityManagerFactoryBuilderImpl.build(EntityManagerFactoryBuilderImpl.java:879)
     [java] 	at org.hibernate.jpa.HibernatePersistenceProvider.createEntityManagerFactory(HibernatePersistenceProvider.java:58)
     [java] 	at javax.persistence.Persistence.createEntityManagerFactory(Persistence.java:55)
     [java] 	at javax.persistence.Persistence.createEntityManagerFactory(Persistence.java:39)
     [java] 	at org.infinispan.persistence.jpa.impl.EntityManagerFactoryRegistry.createEntityManagerFactory(EntityManagerFactoryRegistry.java:104)
     [java] 	at org.infinispan.persistence.jpa.impl.EntityManagerFactoryRegistry.getEntityManagerFactory(EntityManagerFactoryRegistry.java:34)
     [java] 	at org.infinispan.persistence.jpa.JpaStore.start(JpaStore.java:83)
     [java] 	at org.infinispan.persistence.jpa.AbstractJpaStoreTest.createCacheStore(AbstractJpaStoreTest.java:61)
     [java] 	at org.infinispan.persistence.jpa.AbstractJpaStoreTest.setUp(AbstractJpaStoreTest.java:76)
     [java] 	at sun.reflect.NativeMethodAccessorImpl.invoke0(Native Method)
     [java] 	at sun.reflect.NativeMethodAccessorImpl.invoke(NativeMethodAccessorImpl.java:62)
     [java] 	at sun.reflect.DelegatingMethodAccessorImpl.invoke(DelegatingMethodAccessorImpl.java:43)
     [java] 	at java.lang.reflect.Method.invoke(Method.java:498)
     [java] 	at com.jboss.datagrid.test.jpastore.AbstractJpaITWrapper.createBeforeMethod(AbstractJpaITWrapper.java:54)
     [java] 	at sun.reflect.NativeMethodAccessorImpl.invoke0(Native Method)
     [java] 	at sun.reflect.NativeMethodAccessorImpl.invoke(NativeMethodAccessorImpl.java:62)
     [java] 	at sun.reflect.DelegatingMethodAccessorImpl.invoke(DelegatingMethodAccessorImpl.java:43)
     [java] 	at java.lang.reflect.Method.invoke(Method.java:498)
     [java] 	at org.testng.internal.MethodInvocationHelper.invokeMethod(MethodInvocationHelper.java:80)
     [java] 	at org.testng.internal.Invoker.invokeConfigurationMethod(Invoker.java:564)
     [java] 	at org.testng.internal.Invoker.invokeConfigurations(Invoker.java:213)
     [java] 	at org.testng.internal.Invoker.invokeMethod(Invoker.java:653)
     [java] 	at org.testng.internal.Invoker.invokeTestMethod(Invoker.java:901)
     [java] 	at org.testng.internal.Invoker.invokeTestMethods(Invoker.java:1231)
     [java] 	at org.testng.internal.TestMethodWorker.invokeTestMethods(TestMethodWorker.java:127)
     [java] 	at org.testng.internal.TestMethodWorker.run(TestMethodWorker.java:111)
     [java] 	at org.testng.TestRunner.privateRun(TestRunner.java:767)
     [java] 	at org.testng.TestRunner.run(TestRunner.java:617)
     [java] 	at org.testng.SuiteRunner.runTest(SuiteRunner.java:334)
     [java] 	at org.testng.SuiteRunner.runSequentially(SuiteRunner.java:329)
     [java] 	at org.testng.SuiteRunner.privateRun(SuiteRunner.java:291)
     [java] 	at org.testng.SuiteRunner.run(SuiteRunner.java:240)
     [java] 	at org.testng.SuiteRunnerWorker.runSuite(SuiteRunnerWorker.java:52)
     [java] 	at org.testng.SuiteRunnerWorker.run(SuiteRunnerWorker.java:86)
     [java] 	at org.testng.TestNG.runSuitesSequentially(TestNG.java:1198)
     [java] 	at org.testng.TestNG.runSuitesLocally(TestNG.java:1123)
     [java] 	at org.testng.TestNG.run(TestNG.java:1031)
     [java] 	at org.apache.maven.surefire.testng.TestNGExecutor.run(TestNGExecutor.java:115)
     [java] 	at org.apache.maven.surefire.testng.TestNGDirectoryTestSuite.executeMulti(TestNGDirectoryTestSuite.java:204)
     [java] 	at org.apache.maven.surefire.testng.TestNGDirectoryTestSuite.execute(TestNGDirectoryTestSuite.java:107)
     [java] 	at org.apache.maven.surefire.testng.TestNGProvider.invoke(TestNGProvider.java:112)
     [java] 	at org.apache.maven.surefire.booter.ForkedBooter.invokeProviderInSameClassLoader(ForkedBooter.java:200)
     [java] 	at org.apache.maven.surefire.booter.ForkedBooter.runSuitesInProcess(ForkedBooter.java:153)
     [java] 	at org.apache.maven.surefire.booter.ForkedBooter.main(ForkedBooter.java:103)
